2014-12-16 15:40:21,146 [http-bio-18080-exec-11] ERROR StackTrace  - Full Stack Trace:
org.h2.jdbc.JdbcSQLException: Valor demasiado largo para la columna "TEXTO VARCHAR(255) NOT NULL": "STRINGDECODE('Desde que sub\u00edan al coche, no paraban de hablar. Ten\u00edan siempre uno o dos temas de conversaci\u00f3n que... (1910)"
Value too long for column "TEXTO VARCHAR(255) NOT NULL": "STRINGDECODE('Desde que sub\u00edan al coche, no paraban de hablar. Ten\u00edan siempre uno o dos temas de conversaci\u00f3n que... (1910)"; SQL statement:
insert into texto (id, version, texto, titulo) values (null, ?, ?, ?) [22001-176]
	at org.h2.message.DbException.getJdbcSQLException(DbException.java:344)
	at org.h2.message.DbException.get(DbException.java:178)
	at org.h2.table.Column.validateConvertUpdateSequence(Column.java:332)
	at org.h2.table.Table.validateConvertUpdateSequence(Table.java:726)
	at org.h2.command.dml.Insert.insertRows(Insert.java:152)
	at org.h2.command.dml.Insert.update(Insert.java:115)
	at org.h2.command.CommandContainer.update(CommandContainer.java:79)
	at org.h2.command.Command.executeUpdate(Command.java:254)
	at org.h2.jdbc.JdbcPreparedStatement.executeUpdateInternal(JdbcPreparedStatement.java:158)
	at org.h2.jdbc.JdbcPreparedStatement.executeUpdate(JdbcPreparedStatement.java:144)
	at org.hibernate.engine.jdbc.internal.ResultSetReturnImpl.executeUpdate(ResultSetReturnImpl.java:208)
	at org.hibernate.id.IdentityGenerator$GetGeneratedKeysDelegate.executeAndExtract(IdentityGenerator.java:96)
	at org.hibernate.id.insert.AbstractReturningDelegate.performInsert(AbstractReturningDelegate.java:58)
	at org.hibernate.persister.entity.AbstractEntityPersister.insert(AbstractEntityPersister.java:3032)
	at org.hibernate.persister.entity.AbstractEntityPersister.insert(AbstractEntityPersister.java:3558)
	at org.hibernate.action.internal.EntityIdentityInsertAction.execute(EntityIdentityInsertAction.java:98)
	at org.hibernate.engine.spi.ActionQueue.execute(ActionQueue.java:490)
	at org.hibernate.engine.spi.ActionQueue.addResolvedEntityInsertAction(ActionQueue.java:195)
	at org.hibernate.engine.spi.ActionQueue.addInsertAction(ActionQueue.java:179)
	at org.hibernate.engine.spi.ActionQueue.addAction(ActionQueue.java:214)
	at org.hibernate.event.internal.AbstractSaveEventListener.addInsertAction(AbstractSaveEventListener.java:324)
	at org.hibernate.event.internal.AbstractSaveEventListener.performSaveOrReplicate(AbstractSaveEventListener.java:288)
	at org.hibernate.event.internal.AbstractSaveEventListener.performSave(AbstractSaveEventListener.java:194)
	at org.hibernate.event.internal.AbstractSaveEventListener.saveWithGeneratedId(AbstractSaveEventListener.java:125)
	at org.hibernate.event.internal.DefaultSaveOrUpdateEventListener.saveWithGeneratedOrRequestedId(DefaultSaveOrUpdateEventListener.java:209)
	at org.hibernate.event.internal.DefaultSaveOrUpdateEventListener.entityIsTransient(DefaultSaveOrUpdateEventListener.java:194)
	at org.hibernate.event.internal.DefaultSaveOrUpdateEventListener.performSaveOrUpdate(DefaultSaveOrUpdateEventListener.java:114)
	at org.hibernate.event.internal.DefaultSaveOrUpdateEventListener.onSaveOrUpdate(DefaultSaveOrUpdateEventListener.java:90)
	at org.hibernate.internal.SessionImpl.fireSaveOrUpdate(SessionImpl.java:684)
	at org.hibernate.internal.SessionImpl.saveOrUpdate(SessionImpl.java:676)
	at org.hibernate.internal.SessionImpl.saveOrUpdate(SessionImpl.java:671)
	at org.codehaus.groovy.grails.orm.hibernate.metaclass.SavePersistentMethod$1.doInHibernate(SavePersistentMethod.java:58)
	at org.codehaus.groovy.grails.orm.hibernate.GrailsHibernateTemplate.doExecute(GrailsHibernateTemplate.java:179)
	at org.codehaus.groovy.grails.orm.hibernate.GrailsHibernateTemplate.execute(GrailsHibernateTemplate.java:123)
	at org.codehaus.groovy.grails.orm.hibernate.metaclass.SavePersistentMethod.performSave(SavePersistentMethod.java:56)
	at org.codehaus.groovy.grails.orm.hibernate.metaclass.AbstractSavePersistentMethod.doInvokeInternal(AbstractSavePersistentMethod.java:215)
	at org.codehaus.groovy.grails.orm.hibernate.metaclass.AbstractDynamicPersistentMethod.invoke(AbstractDynamicPersistentMethod.java:68)
	at org.codehaus.groovy.grails.orm.hibernate.HibernateGormInstanceApi.save(HibernateGormInstanceApi.groovy:195)
	at audiotext.Texto.save(Texto.groovy)
	at audiotext.Texto$save$3.call(Unknown Source)
	at org.codehaus.groovy.runtime.callsite.CallSiteArray.defaultCall(CallSiteArray.java:45)
	at org.codehaus.groovy.runtime.callsite.AbstractCallSite.call(AbstractCallSite.java:108)
	at org.codehaus.groovy.runtime.callsite.AbstractCallSite.call(AbstractCallSite.java:116)
	at audiotext.TextoController.$tt__save(TextoController.groovy:38)
	at audiotext.TextoController$_save_closure4.doCall(TextoController.groovy)
	at sun.reflect.NativeMethodAccessorImpl.invoke0(Native Method)
	at sun.reflect.NativeMethodAccessorImpl.invoke(NativeMethodAccessorImpl.java:62)
	at sun.reflect.DelegatingMethodAccessorImpl.invoke(DelegatingMethodAccessorImpl.java:43)
	at java.lang.reflect.Method.invoke(Method.java:483)
	at org.springsource.loaded.ri.ReflectiveInterceptor.jlrMethodInvoke(ReflectiveInterceptor.java:1270)
	at org.codehaus.groovy.reflection.CachedMethod.invoke(CachedMethod.java:90)
	at groovy.lang.MetaMethod.doMethodInvoke(MetaMethod.java:324)
	at groovy.lang.MetaClassImpl.invokeMethod(MetaClassImpl.java:1207)
	at groovy.lang.ExpandoMetaClass.invokeMethod(ExpandoMetaClass.java:1110)
	at groovy.lang.MetaClassImpl.invokeMethod(MetaClassImpl.java:1016)
	at groovy.lang.Closure.call(Closure.java:423)
	at audiotext.TextoController$_save_closure4.call(TextoController.groovy)
	at groovy.lang.Closure.call(Closure.java:439)
	at audiotext.TextoController$_save_closure4.call(TextoController.groovy)
	at org.codehaus.groovy.grails.orm.support.GrailsTransactionTemplate$2.doInTransaction(GrailsTransactionTemplate.groovy:88)
	at org.springframework.transaction.support.TransactionTemplate.execute(TransactionTemplate.java:133)
	at org.codehaus.groovy.grails.orm.support.GrailsTransactionTemplate.execute(GrailsTransactionTemplate.groovy:85)
	at audiotext.TextoController.save(TextoController.groovy)
	at audiotext.TextoController.save(TextoController.groovy)
	at sun.reflect.NativeMethodAccessorImpl.invoke0(Native Method)
	at sun.reflect.NativeMethodAccessorImpl.invoke(NativeMethodAccessorImpl.java:62)
	at sun.reflect.DelegatingMethodAccessorImpl.invoke(DelegatingMethodAccessorImpl.java:43)
	at java.lang.reflect.Method.invoke(Method.java:483)
	at org.springsource.loaded.ri.ReflectiveInterceptor.jlrMethodInvoke(ReflectiveInterceptor.java:1270)
	at org.codehaus.groovy.grails.web.servlet.mvc.MixedGrailsControllerHelper.invoke(MixedGrailsControllerHelper.java:154)
	at org.codehaus.groovy.grails.web.servlet.mvc.AbstractGrailsControllerHelper.handleAction(AbstractGrailsControllerHelper.java:375)
	at org.codehaus.groovy.grails.web.servlet.mvc.AbstractGrailsControllerHelper.executeAction(AbstractGrailsControllerHelper.java:252)
	at org.codehaus.groovy.grails.web.servlet.mvc.AbstractGrailsControllerHelper.handleURI(AbstractGrailsControllerHelper.java:205)
	at org.codehaus.groovy.grails.web.servlet.mvc.AbstractGrailsControllerHelper.handleURI(AbstractGrailsControllerHelper.java:126)
	at org.codehaus.groovy.grails.web.servlet.mvc.SimpleGrailsController.handleRequest(SimpleGrailsController.java:72)
	at org.springframework.web.servlet.mvc.SimpleControllerHandlerAdapter.handle(SimpleControllerHandlerAdapter.java:50)
	at org.codehaus.groovy.grails.web.servlet.GrailsDispatcherServlet.doDispatch(GrailsDispatcherServlet.java:347)
	at org.springframework.web.servlet.DispatcherServlet.doService(DispatcherServlet.java:870)
	at org.springframework.web.servlet.FrameworkServlet.processRequest(FrameworkServlet.java:961)
	at org.springframework.web.servlet.FrameworkServlet.doPost(FrameworkServlet.java:863)
	at javax.servlet.http.HttpServlet.service(HttpServlet.java:646)
	at org.springframework.web.servlet.FrameworkServlet.service(FrameworkServlet.java:837)
	at javax.servlet.http.HttpServlet.service(HttpServlet.java:727)
	at org.apache.catalina.core.ApplicationFilterChain.internalDoFilter(ApplicationFilterChain.java:303)
	at org.apache.catalina.core.ApplicationFilterChain.doFilter(ApplicationFilterChain.java:208)
	at org.apache.tomcat.websocket.server.WsFilter.doFilter(WsFilter.java:52)
	at org.apache.catalina.core.ApplicationFilterChain.internalDoFilter(ApplicationFilterChain.java:241)
	at org.apache.catalina.core.ApplicationFilterChain.doFilter(ApplicationFilterChain.java:208)
	at grails.plugin.cache.web.filter.PageFragmentCachingFilter.doFilter(PageFragmentCachingFilter.java:198)
	at grails.plugin.cache.web.filter.AbstractFilter.doFilter(AbstractFilter.java:63)
	at org.springframework.web.filter.DelegatingFilterProxy.invokeDelegate(DelegatingFilterProxy.java:344)
	at org.springframework.web.filter.DelegatingFilterProxy.doFilter(DelegatingFilterProxy.java:261)
	at org.apache.catalina.core.ApplicationFilterChain.internalDoFilter(ApplicationFilterChain.java:241)
	at org.apache.catalina.core.ApplicationFilterChain.doFilter(ApplicationFilterChain.java:208)
	at org.springframework.web.filter.OncePerRequestFilter.doFilter(OncePerRequestFilter.java:101)
	at org.apache.catalina.core.ApplicationFilterChain.internalDoFilter(ApplicationFilterChain.java:241)
	at org.apache.catalina.core.ApplicationFilterChain.doFilter(ApplicationFilterChain.java:208)
	at org.springframework.web.filter.OncePerRequestFilter.doFilter(OncePerRequestFilter.java:101)
	at org.apache.catalina.core.ApplicationFilterChain.internalDoFilter(ApplicationFilterChain.java:241)
	at org.apache.catalina.core.ApplicationFilterChain.doFilter(ApplicationFilterChain.java:208)
	at org.springframework.web.filter.OncePerRequestFilter.doFilter(OncePerRequestFilter.java:101)
	at org.apache.catalina.core.ApplicationFilterChain.internalDoFilter(ApplicationFilterChain.java:241)
	at org.apache.catalina.core.ApplicationFilterChain.doFilter(ApplicationFilterChain.java:208)
	at org.apache.catalina.core.ApplicationDispatcher.invoke(ApplicationDispatcher.java:748)
	at org.apache.catalina.core.ApplicationDispatcher.processRequest(ApplicationDispatcher.java:486)
	at org.apache.catalina.core.ApplicationDispatcher.doForward(ApplicationDispatcher.java:411)
	at org.apache.catalina.core.ApplicationDispatcher.forward(ApplicationDispatcher.java:338)
	at org.codehaus.groovy.grails.web.mapping.UrlMappingUtils.forwardRequestForUrlMappingInfo(UrlMappingUtils.java:178)
	at org.codehaus.groovy.grails.web.mapping.UrlMappingUtils.forwardRequestForUrlMappingInfo(UrlMappingUtils.java:144)
	at org.codehaus.groovy.grails.web.mapping.UrlMappingUtils.forwardRequestForUrlMappingInfo(UrlMappingUtils.java:135)
	at org.codehaus.groovy.grails.web.mapping.filter.UrlMappingsFilter.doFilterInternal(UrlMappingsFilter.java:216)
	at org.springframework.web.filter.OncePerRequestFilter.doFilter(OncePerRequestFilter.java:107)
	at org.apache.catalina.core.ApplicationFilterChain.internalDoFilter(ApplicationFilterChain.java:241)
	at org.apache.catalina.core.ApplicationFilterChain.doFilter(ApplicationFilterChain.java:208)
	at org.codehaus.groovy.grails.web.servlet.mvc.GrailsWebRequestFilter.doFilterInternal(GrailsWebRequestFilter.java:69)
	at org.springframework.web.filter.OncePerRequestFilter.doFilter(OncePerRequestFilter.java:107)
	at org.apache.catalina.core.ApplicationFilterChain.internalDoFilter(ApplicationFilterChain.java:241)
	at org.apache.catalina.core.ApplicationFilterChain.doFilter(ApplicationFilterChain.java:208)
	at org.codehaus.groovy.grails.web.filters.HiddenHttpMethodFilter.doFilterInternal(HiddenHttpMethodFilter.java:67)
	at org.springframework.web.filter.OncePerRequestFilter.doFilter(OncePerRequestFilter.java:107)
	at org.apache.catalina.core.ApplicationFilterChain.internalDoFilter(ApplicationFilterChain.java:241)
	at org.apache.catalina.core.ApplicationFilterChain.doFilter(ApplicationFilterChain.java:208)
	at org.springframework.web.filter.CharacterEncodingFilter.doFilterInternal(CharacterEncodingFilter.java:88)
	at org.springframework.web.filter.OncePerRequestFilter.doFilter(OncePerRequestFilter.java:107)
	at org.springframework.web.filter.DelegatingFilterProxy.invokeDelegate(DelegatingFilterProxy.java:344)
	at org.springframework.web.filter.DelegatingFilterProxy.doFilter(DelegatingFilterProxy.java:261)
	at org.apache.catalina.core.ApplicationFilterChain.internalDoFilter(ApplicationFilterChain.java:241)
	at org.apache.catalina.core.ApplicationFilterChain.doFilter(ApplicationFilterChain.java:208)
	at org.apache.catalina.core.StandardWrapperValve.invoke(StandardWrapperValve.java:220)
	at org.apache.catalina.core.StandardContextValve.invoke(StandardContextValve.java:122)
	at org.apache.catalina.core.StandardHostValve.invoke(StandardHostValve.java:171)
	at org.apache.catalina.valves.ErrorReportValve.invoke(ErrorReportValve.java:103)
	at org.apache.catalina.core.StandardEngineValve.invoke(StandardEngineValve.java:116)
	at org.apache.catalina.connector.CoyoteAdapter.service(CoyoteAdapter.java:408)
	at org.apache.coyote.http11.AbstractHttp11Processor.process(AbstractHttp11Processor.java:1070)
	at org.apache.coyote.AbstractProtocol$AbstractConnectionHandler.process(AbstractProtocol.java:611)
	at org.apache.tomcat.util.net.JIoEndpoint$SocketProcessor.run(JIoEndpoint.java:316)
	at java.util.concurrent.ThreadPoolExecutor.runWorker(ThreadPoolExecutor.java:1142)
	at java.util.concurrent.ThreadPoolExecutor$Worker.run(ThreadPoolExecutor.java:617)
	at org.apache.tomcat.util.threads.TaskThread$WrappingRunnable.run(TaskThread.java:61)
	at java.lang.Thread.run(Thread.java:745)
2014-12-16 15:40:21,149 [http-bio-18080-exec-11] ERROR StackTrace  - Full Stack Trace:
org.h2.jdbc.JdbcSQLException: Valor demasiado largo para la columna "TEXTO VARCHAR(255) NOT NULL": "STRINGDECODE('Desde que sub\u00edan al coche, no paraban de hablar. Ten\u00edan siempre uno o dos temas de conversaci\u00f3n que... (1910)"
Value too long for column "TEXTO VARCHAR(255) NOT NULL": "STRINGDECODE('Desde que sub\u00edan al coche, no paraban de hablar. Ten\u00edan siempre uno o dos temas de conversaci\u00f3n que... (1910)"; SQL statement:
insert into texto (id, version, texto, titulo) values (null, ?, ?, ?) [22001-176]
	at org.h2.message.DbException.getJdbcSQLException(DbException.java:344)
	at org.h2.message.DbException.get(DbException.java:178)
	at org.h2.table.Column.validateConvertUpdateSequence(Column.java:332)
	at org.h2.table.Table.validateConvertUpdateSequence(Table.java:726)
	at org.h2.command.dml.Insert.insertRows(Insert.java:152)
	at org.h2.command.dml.Insert.update(Insert.java:115)
	at org.h2.command.CommandContainer.update(CommandContainer.java:79)
	at org.h2.command.Command.executeUpdate(Command.java:254)
	at org.h2.jdbc.JdbcPreparedStatement.executeUpdateInternal(JdbcPreparedStatement.java:158)
	at org.h2.jdbc.JdbcPreparedStatement.executeUpdate(JdbcPreparedStatement.java:144)
	at audiotext.TextoController.$tt__save(TextoController.groovy:38)
	at grails.plugin.cache.web.filter.PageFragmentCachingFilter.doFilter(PageFragmentCachingFilter.java:198)
	at grails.plugin.cache.web.filter.AbstractFilter.doFilter(AbstractFilter.java:63)
	at java.util.concurrent.ThreadPoolExecutor.runWorker(ThreadPoolExecutor.java:1142)
	at java.util.concurrent.ThreadPoolExecutor$Worker.run(ThreadPoolExecutor.java:617)
	at java.lang.Thread.run(Thread.java:745)
2014-12-16 15:40:21,160 [http-bio-18080-exec-11] ERROR StackTrace  - Full Stack Trace:
org.h2.jdbc.JdbcSQLException: Valor demasiado largo para la columna "TEXTO VARCHAR(255) NOT NULL": "STRINGDECODE('Desde que sub\u00edan al coche, no paraban de hablar. Ten\u00edan siempre uno o dos temas de conversaci\u00f3n que... (1910)"
Value too long for column "TEXTO VARCHAR(255) NOT NULL": "STRINGDECODE('Desde que sub\u00edan al coche, no paraban de hablar. Ten\u00edan siempre uno o dos temas de conversaci\u00f3n que... (1910)"; SQL statement:
insert into texto (id, version, texto, titulo) values (null, ?, ?, ?) [22001-176]
	at org.h2.message.DbException.getJdbcSQLException(DbException.java:344)
	at org.h2.message.DbException.get(DbException.java:178)
	at org.h2.table.Column.validateConvertUpdateSequence(Column.java:332)
	at org.h2.table.Table.validateConvertUpdateSequence(Table.java:726)
	at org.h2.command.dml.Insert.insertRows(Insert.java:152)
	at org.h2.command.dml.Insert.update(Insert.java:115)
	at org.h2.command.CommandContainer.update(CommandContainer.java:79)
	at org.h2.command.Command.executeUpdate(Command.java:254)
	at org.h2.jdbc.JdbcPreparedStatement.executeUpdateInternal(JdbcPreparedStatement.java:158)
	at org.h2.jdbc.JdbcPreparedStatement.executeUpdate(JdbcPreparedStatement.java:144)
	at audiotext.TextoController.$tt__save(TextoController.groovy:38)
	at grails.plugin.cache.web.filter.PageFragmentCachingFilter.doFilter(PageFragmentCachingFilter.java:198)
	at grails.plugin.cache.web.filter.AbstractFilter.doFilter(AbstractFilter.java:63)
	at java.util.concurrent.ThreadPoolExecutor.runWorker(ThreadPoolExecutor.java:1142)
	at java.util.concurrent.ThreadPoolExecutor$Worker.run(ThreadPoolExecutor.java:617)
	at java.lang.Thread.run(Thread.java:745)
2014-12-16 15:40:21,160 [http-bio-18080-exec-11] ERROR StackTrace  - Full Stack Trace:
org.h2.jdbc.JdbcSQLException: Valor demasiado largo para la columna "TEXTO VARCHAR(255) NOT NULL": "STRINGDECODE('Desde que sub\u00edan al coche, no paraban de hablar. Ten\u00edan siempre uno o dos temas de conversaci\u00f3n que... (1910)"
Value too long for column "TEXTO VARCHAR(255) NOT NULL": "STRINGDECODE('Desde que sub\u00edan al coche, no paraban de hablar. Ten\u00edan siempre uno o dos temas de conversaci\u00f3n que... (1910)"; SQL statement:
insert into texto (id, version, texto, titulo) values (null, ?, ?, ?) [22001-176]
	at org.h2.message.DbException.getJdbcSQLException(DbException.java:344)
	at org.h2.message.DbException.get(DbException.java:178)
	at org.h2.table.Column.validateConvertUpdateSequence(Column.java:332)
	at org.h2.table.Table.validateConvertUpdateSequence(Table.java:726)
	at org.h2.command.dml.Insert.insertRows(Insert.java:152)
	at org.h2.command.dml.Insert.update(Insert.java:115)
	at org.h2.command.CommandContainer.update(CommandContainer.java:79)
	at org.h2.command.Command.executeUpdate(Command.java:254)
	at org.h2.jdbc.JdbcPreparedStatement.executeUpdateInternal(JdbcPreparedStatement.java:158)
	at org.h2.jdbc.JdbcPreparedStatement.executeUpdate(JdbcPreparedStatement.java:144)
	at audiotext.TextoController.$tt__save(TextoController.groovy:38)
	at grails.plugin.cache.web.filter.PageFragmentCachingFilter.doFilter(PageFragmentCachingFilter.java:198)
	at grails.plugin.cache.web.filter.AbstractFilter.doFilter(AbstractFilter.java:63)
	at java.util.concurrent.ThreadPoolExecutor.runWorker(ThreadPoolExecutor.java:1142)
	at java.util.concurrent.ThreadPoolExecutor$Worker.run(ThreadPoolExecutor.java:617)
	at java.lang.Thread.run(Thread.java:745)
2014-12-16 15:40:21,160 [http-bio-18080-exec-11] ERROR StackTrace  - Full Stack Trace:
org.h2.jdbc.JdbcSQLException: Valor demasiado largo para la columna "TEXTO VARCHAR(255) NOT NULL": "STRINGDECODE('Desde que sub\u00edan al coche, no paraban de hablar. Ten\u00edan siempre uno o dos temas de conversaci\u00f3n que... (1910)"
Value too long for column "TEXTO VARCHAR(255) NOT NULL": "STRINGDECODE('Desde que sub\u00edan al coche, no paraban de hablar. Ten\u00edan siempre uno o dos temas de conversaci\u00f3n que... (1910)"; SQL statement:
insert into texto (id, version, texto, titulo) values (null, ?, ?, ?) [22001-176]
	at org.h2.message.DbException.getJdbcSQLException(DbException.java:344)
	at org.h2.message.DbException.get(DbException.java:178)
	at org.h2.table.Column.validateConvertUpdateSequence(Column.java:332)
	at org.h2.table.Table.validateConvertUpdateSequence(Table.java:726)
	at org.h2.command.dml.Insert.insertRows(Insert.java:152)
	at org.h2.command.dml.Insert.update(Insert.java:115)
	at org.h2.command.CommandContainer.update(CommandContainer.java:79)
	at org.h2.command.Command.executeUpdate(Command.java:254)
	at org.h2.jdbc.JdbcPreparedStatement.executeUpdateInternal(JdbcPreparedStatement.java:158)
	at org.h2.jdbc.JdbcPreparedStatement.executeUpdate(JdbcPreparedStatement.java:144)
	at audiotext.TextoController.$tt__save(TextoController.groovy:38)
	at grails.plugin.cache.web.filter.PageFragmentCachingFilter.doFilter(PageFragmentCachingFilter.java:198)
	at grails.plugin.cache.web.filter.AbstractFilter.doFilter(AbstractFilter.java:63)
	at java.util.concurrent.ThreadPoolExecutor.runWorker(ThreadPoolExecutor.java:1142)
	at java.util.concurrent.ThreadPoolExecutor$Worker.run(ThreadPoolExecutor.java:617)
	at java.lang.Thread.run(Thread.java:745)
2014-12-16 15:40:21,160 [http-bio-18080-exec-11] ERROR StackTrace  - Full Stack Trace:
org.h2.jdbc.JdbcSQLException: Valor demasiado largo para la columna "TEXTO VARCHAR(255) NOT NULL": "STRINGDECODE('Desde que sub\u00edan al coche, no paraban de hablar. Ten\u00edan siempre uno o dos temas de conversaci\u00f3n que... (1910)"
Value too long for column "TEXTO VARCHAR(255) NOT NULL": "STRINGDECODE('Desde que sub\u00edan al coche, no paraban de hablar. Ten\u00edan siempre uno o dos temas de conversaci\u00f3n que... (1910)"; SQL statement:
insert into texto (id, version, texto, titulo) values (null, ?, ?, ?) [22001-176]
	at org.h2.message.DbException.getJdbcSQLException(DbException.java:344)
	at org.h2.message.DbException.get(DbException.java:178)
	at org.h2.table.Column.validateConvertUpdateSequence(Column.java:332)
	at org.h2.table.Table.validateConvertUpdateSequence(Table.java:726)
	at org.h2.command.dml.Insert.insertRows(Insert.java:152)
	at org.h2.command.dml.Insert.update(Insert.java:115)
	at org.h2.command.CommandContainer.update(CommandContainer.java:79)
	at org.h2.command.Command.executeUpdate(Command.java:254)
	at org.h2.jdbc.JdbcPreparedStatement.executeUpdateInternal(JdbcPreparedStatement.java:158)
	at org.h2.jdbc.JdbcPreparedStatement.executeUpdate(JdbcPreparedStatement.java:144)
	at audiotext.TextoController.$tt__save(TextoController.groovy:38)
	at grails.plugin.cache.web.filter.PageFragmentCachingFilter.doFilter(PageFragmentCachingFilter.java:198)
	at grails.plugin.cache.web.filter.AbstractFilter.doFilter(AbstractFilter.java:63)
	at java.util.concurrent.ThreadPoolExecutor.runWorker(ThreadPoolExecutor.java:1142)
	at java.util.concurrent.ThreadPoolExecutor$Worker.run(ThreadPoolExecutor.java:617)
	at java.lang.Thread.run(Thread.java:745)
2014-12-16 15:42:22,488 [http-bio-18080-exec-5] ERROR StackTrace  - Full Stack Trace:
org.h2.jdbc.JdbcSQLException: Valor demasiado largo para la columna "TEXTO VARCHAR(255) NOT NULL": "STRINGDECODE('Desde que sub\u00edan al coche, no paraban de hablar. Ten\u00edan siempre uno o dos temas de conversaci\u00f3n que... (1910)"
Value too long for column "TEXTO VARCHAR(255) NOT NULL": "STRINGDECODE('Desde que sub\u00edan al coche, no paraban de hablar. Ten\u00edan siempre uno o dos temas de conversaci\u00f3n que... (1910)"; SQL statement:
insert into texto (id, version, texto, titulo) values (null, ?, ?, ?) [22001-176]
	at org.h2.message.DbException.getJdbcSQLException(DbException.java:344)
	at org.h2.message.DbException.get(DbException.java:178)
	at org.h2.table.Column.validateConvertUpdateSequence(Column.java:332)
	at org.h2.table.Table.validateConvertUpdateSequence(Table.java:726)
	at org.h2.command.dml.Insert.insertRows(Insert.java:152)
	at org.h2.command.dml.Insert.update(Insert.java:115)
	at org.h2.command.CommandContainer.update(CommandContainer.java:79)
	at org.h2.command.Command.executeUpdate(Command.java:254)
	at org.h2.jdbc.JdbcPreparedStatement.executeUpdateInternal(JdbcPreparedStatement.java:158)
	at org.h2.jdbc.JdbcPreparedStatement.executeUpdate(JdbcPreparedStatement.java:144)
	at org.hibernate.engine.jdbc.internal.ResultSetReturnImpl.executeUpdate(ResultSetReturnImpl.java:208)
	at org.hibernate.id.IdentityGenerator$GetGeneratedKeysDelegate.executeAndExtract(IdentityGenerator.java:96)
	at org.hibernate.id.insert.AbstractReturningDelegate.performInsert(AbstractReturningDelegate.java:58)
	at org.hibernate.persister.entity.AbstractEntityPersister.insert(AbstractEntityPersister.java:3032)
	at org.hibernate.persister.entity.AbstractEntityPersister.insert(AbstractEntityPersister.java:3558)
	at org.hibernate.action.internal.EntityIdentityInsertAction.execute(EntityIdentityInsertAction.java:98)
	at org.hibernate.engine.spi.ActionQueue.execute(ActionQueue.java:490)
	at org.hibernate.engine.spi.ActionQueue.addResolvedEntityInsertAction(ActionQueue.java:195)
	at org.hibernate.engine.spi.ActionQueue.addInsertAction(ActionQueue.java:179)
	at org.hibernate.engine.spi.ActionQueue.addAction(ActionQueue.java:214)
	at org.hibernate.event.internal.AbstractSaveEventListener.addInsertAction(AbstractSaveEventListener.java:324)
	at org.hibernate.event.internal.AbstractSaveEventListener.performSaveOrReplicate(AbstractSaveEventListener.java:288)
	at org.hibernate.event.internal.AbstractSaveEventListener.performSave(AbstractSaveEventListener.java:194)
	at org.hibernate.event.internal.AbstractSaveEventListener.saveWithGeneratedId(AbstractSaveEventListener.java:125)
	at org.hibernate.event.internal.DefaultSaveOrUpdateEventListener.saveWithGeneratedOrRequestedId(DefaultSaveOrUpdateEventListener.java:209)
	at org.hibernate.event.internal.DefaultSaveOrUpdateEventListener.entityIsTransient(DefaultSaveOrUpdateEventListener.java:194)
	at org.hibernate.event.internal.DefaultSaveOrUpdateEventListener.performSaveOrUpdate(DefaultSaveOrUpdateEventListener.java:114)
	at org.hibernate.event.internal.DefaultSaveOrUpdateEventListener.onSaveOrUpdate(DefaultSaveOrUpdateEventListener.java:90)
	at org.hibernate.internal.SessionImpl.fireSaveOrUpdate(SessionImpl.java:684)
	at org.hibernate.internal.SessionImpl.saveOrUpdate(SessionImpl.java:676)
	at org.hibernate.internal.SessionImpl.saveOrUpdate(SessionImpl.java:671)
	at org.codehaus.groovy.grails.orm.hibernate.metaclass.SavePersistentMethod$1.doInHibernate(SavePersistentMethod.java:58)
	at org.codehaus.groovy.grails.orm.hibernate.GrailsHibernateTemplate.doExecute(GrailsHibernateTemplate.java:179)
	at org.codehaus.groovy.grails.orm.hibernate.GrailsHibernateTemplate.execute(GrailsHibernateTemplate.java:123)
	at org.codehaus.groovy.grails.orm.hibernate.metaclass.SavePersistentMethod.performSave(SavePersistentMethod.java:56)
	at org.codehaus.groovy.grails.orm.hibernate.metaclass.AbstractSavePersistentMethod.doInvokeInternal(AbstractSavePersistentMethod.java:215)
	at org.codehaus.groovy.grails.orm.hibernate.metaclass.AbstractDynamicPersistentMethod.invoke(AbstractDynamicPersistentMethod.java:68)
	at org.codehaus.groovy.grails.orm.hibernate.HibernateGormInstanceApi.save(HibernateGormInstanceApi.groovy:195)
	at audiotext.Texto.save(Texto.groovy)
	at audiotext.Texto$save$3.call(Unknown Source)
	at org.codehaus.groovy.runtime.callsite.CallSiteArray.defaultCall(CallSiteArray.java:45)
	at org.codehaus.groovy.runtime.callsite.AbstractCallSite.call(AbstractCallSite.java:108)
	at org.codehaus.groovy.runtime.callsite.AbstractCallSite.call(AbstractCallSite.java:116)
	at audiotext.TextoController.$tt__save(TextoController.groovy:38)
	at audiotext.TextoController$_save_closure4.doCall(TextoController.groovy)
	at sun.reflect.NativeMethodAccessorImpl.invoke0(Native Method)
	at sun.reflect.NativeMethodAccessorImpl.invoke(NativeMethodAccessorImpl.java:62)
	at sun.reflect.DelegatingMethodAccessorImpl.invoke(DelegatingMethodAccessorImpl.java:43)
	at java.lang.reflect.Method.invoke(Method.java:483)
	at org.springsource.loaded.ri.ReflectiveInterceptor.jlrMethodInvoke(ReflectiveInterceptor.java:1270)
	at org.codehaus.groovy.reflection.CachedMethod.invoke(CachedMethod.java:90)
	at groovy.lang.MetaMethod.doMethodInvoke(MetaMethod.java:324)
	at groovy.lang.MetaClassImpl.invokeMethod(MetaClassImpl.java:1207)
	at groovy.lang.ExpandoMetaClass.invokeMethod(ExpandoMetaClass.java:1110)
	at groovy.lang.MetaClassImpl.invokeMethod(MetaClassImpl.java:1016)
	at groovy.lang.Closure.call(Closure.java:423)
	at audiotext.TextoController$_save_closure4.call(TextoController.groovy)
	at groovy.lang.Closure.call(Closure.java:439)
	at audiotext.TextoController$_save_closure4.call(TextoController.groovy)
	at org.codehaus.groovy.grails.orm.support.GrailsTransactionTemplate$2.doInTransaction(GrailsTransactionTemplate.groovy:88)
	at org.springframework.transaction.support.TransactionTemplate.execute(TransactionTemplate.java:133)
	at org.codehaus.groovy.grails.orm.support.GrailsTransactionTemplate.execute(GrailsTransactionTemplate.groovy:85)
	at audiotext.TextoController.save(TextoController.groovy)
	at audiotext.TextoController.save(TextoController.groovy)
	at sun.reflect.NativeMethodAccessorImpl.invoke0(Native Method)
	at sun.reflect.NativeMethodAccessorImpl.invoke(NativeMethodAccessorImpl.java:62)
	at sun.reflect.DelegatingMethodAccessorImpl.invoke(DelegatingMethodAccessorImpl.java:43)
	at java.lang.reflect.Method.invoke(Method.java:483)
	at org.springsource.loaded.ri.ReflectiveInterceptor.jlrMethodInvoke(ReflectiveInterceptor.java:1270)
	at org.codehaus.groovy.grails.web.servlet.mvc.MixedGrailsControllerHelper.invoke(MixedGrailsControllerHelper.java:154)
	at org.codehaus.groovy.grails.web.servlet.mvc.AbstractGrailsControllerHelper.handleAction(AbstractGrailsControllerHelper.java:375)
	at org.codehaus.groovy.grails.web.servlet.mvc.AbstractGrailsControllerHelper.executeAction(AbstractGrailsControllerHelper.java:252)
	at org.codehaus.groovy.grails.web.servlet.mvc.AbstractGrailsControllerHelper.handleURI(AbstractGrailsControllerHelper.java:205)
	at org.codehaus.groovy.grails.web.servlet.mvc.AbstractGrailsControllerHelper.handleURI(AbstractGrailsControllerHelper.java:126)
	at org.codehaus.groovy.grails.web.servlet.mvc.SimpleGrailsController.handleRequest(SimpleGrailsController.java:72)
	at org.springframework.web.servlet.mvc.SimpleControllerHandlerAdapter.handle(SimpleControllerHandlerAdapter.java:50)
	at org.codehaus.groovy.grails.web.servlet.GrailsDispatcherServlet.doDispatch(GrailsDispatcherServlet.java:347)
	at org.springframework.web.servlet.DispatcherServlet.doService(DispatcherServlet.java:870)
	at org.springframework.web.servlet.FrameworkServlet.processRequest(FrameworkServlet.java:961)
	at org.springframework.web.servlet.FrameworkServlet.doPost(FrameworkServlet.java:863)
	at javax.servlet.http.HttpServlet.service(HttpServlet.java:646)
	at org.springframework.web.servlet.FrameworkServlet.service(FrameworkServlet.java:837)
	at javax.servlet.http.HttpServlet.service(HttpServlet.java:727)
	at org.apache.catalina.core.ApplicationFilterChain.internalDoFilter(ApplicationFilterChain.java:303)
	at org.apache.catalina.core.ApplicationFilterChain.doFilter(ApplicationFilterChain.java:208)
	at org.apache.tomcat.websocket.server.WsFilter.doFilter(WsFilter.java:52)
	at org.apache.catalina.core.ApplicationFilterChain.internalDoFilter(ApplicationFilterChain.java:241)
	at org.apache.catalina.core.ApplicationFilterChain.doFilter(ApplicationFilterChain.java:208)
	at grails.plugin.cache.web.filter.PageFragmentCachingFilter.doFilter(PageFragmentCachingFilter.java:198)
	at grails.plugin.cache.web.filter.AbstractFilter.doFilter(AbstractFilter.java:63)
	at org.springframework.web.filter.DelegatingFilterProxy.invokeDelegate(DelegatingFilterProxy.java:344)
	at org.springframework.web.filter.DelegatingFilterProxy.doFilter(DelegatingFilterProxy.java:261)
	at org.apache.catalina.core.ApplicationFilterChain.internalDoFilter(ApplicationFilterChain.java:241)
	at org.apache.catalina.core.ApplicationFilterChain.doFilter(ApplicationFilterChain.java:208)
	at org.springframework.web.filter.OncePerRequestFilter.doFilter(OncePerRequestFilter.java:101)
	at org.apache.catalina.core.ApplicationFilterChain.internalDoFilter(ApplicationFilterChain.java:241)
	at org.apache.catalina.core.ApplicationFilterChain.doFilter(ApplicationFilterChain.java:208)
	at org.springframework.web.filter.OncePerRequestFilter.doFilter(OncePerRequestFilter.java:101)
	at org.apache.catalina.core.ApplicationFilterChain.internalDoFilter(ApplicationFilterChain.java:241)
	at org.apache.catalina.core.ApplicationFilterChain.doFilter(ApplicationFilterChain.java:208)
	at org.springframework.web.filter.OncePerRequestFilter.doFilter(OncePerRequestFilter.java:101)
	at org.apache.catalina.core.ApplicationFilterChain.internalDoFilter(ApplicationFilterChain.java:241)
	at org.apache.catalina.core.ApplicationFilterChain.doFilter(ApplicationFilterChain.java:208)
	at org.apache.catalina.core.ApplicationDispatcher.invoke(ApplicationDispatcher.java:748)
	at org.apache.catalina.core.ApplicationDispatcher.processRequest(ApplicationDispatcher.java:486)
	at org.apache.catalina.core.ApplicationDispatcher.doForward(ApplicationDispatcher.java:411)
	at org.apache.catalina.core.ApplicationDispatcher.forward(ApplicationDispatcher.java:338)
	at org.codehaus.groovy.grails.web.mapping.UrlMappingUtils.forwardRequestForUrlMappingInfo(UrlMappingUtils.java:178)
	at org.codehaus.groovy.grails.web.mapping.UrlMappingUtils.forwardRequestForUrlMappingInfo(UrlMappingUtils.java:144)
	at org.codehaus.groovy.grails.web.mapping.UrlMappingUtils.forwardRequestForUrlMappingInfo(UrlMappingUtils.java:135)
	at org.codehaus.groovy.grails.web.mapping.filter.UrlMappingsFilter.doFilterInternal(UrlMappingsFilter.java:216)
	at org.springframework.web.filter.OncePerRequestFilter.doFilter(OncePerRequestFilter.java:107)
	at org.apache.catalina.core.ApplicationFilterChain.internalDoFilter(ApplicationFilterChain.java:241)
	at org.apache.catalina.core.ApplicationFilterChain.doFilter(ApplicationFilterChain.java:208)
	at org.codehaus.groovy.grails.web.servlet.mvc.GrailsWebRequestFilter.doFilterInternal(GrailsWebRequestFilter.java:69)
	at org.springframework.web.filter.OncePerRequestFilter.doFilter(OncePerRequestFilter.java:107)
	at org.apache.catalina.core.ApplicationFilterChain.internalDoFilter(ApplicationFilterChain.java:241)
	at org.apache.catalina.core.ApplicationFilterChain.doFilter(ApplicationFilterChain.java:208)
	at org.codehaus.groovy.grails.web.filters.HiddenHttpMethodFilter.doFilterInternal(HiddenHttpMethodFilter.java:67)
	at org.springframework.web.filter.OncePerRequestFilter.doFilter(OncePerRequestFilter.java:107)
	at org.apache.catalina.core.ApplicationFilterChain.internalDoFilter(ApplicationFilterChain.java:241)
	at org.apache.catalina.core.ApplicationFilterChain.doFilter(ApplicationFilterChain.java:208)
	at org.springframework.web.filter.CharacterEncodingFilter.doFilterInternal(CharacterEncodingFilter.java:88)
	at org.springframework.web.filter.OncePerRequestFilter.doFilter(OncePerRequestFilter.java:107)
	at org.springframework.web.filter.DelegatingFilterProxy.invokeDelegate(DelegatingFilterProxy.java:344)
	at org.springframework.web.filter.DelegatingFilterProxy.doFilter(DelegatingFilterProxy.java:261)
	at org.apache.catalina.core.ApplicationFilterChain.internalDoFilter(ApplicationFilterChain.java:241)
	at org.apache.catalina.core.ApplicationFilterChain.doFilter(ApplicationFilterChain.java:208)
	at org.apache.catalina.core.StandardWrapperValve.invoke(StandardWrapperValve.java:220)
	at org.apache.catalina.core.StandardContextValve.invoke(StandardContextValve.java:122)
	at org.apache.catalina.core.StandardHostValve.invoke(StandardHostValve.java:171)
	at org.apache.catalina.valves.ErrorReportValve.invoke(ErrorReportValve.java:103)
	at org.apache.catalina.core.StandardEngineValve.invoke(StandardEngineValve.java:116)
	at org.apache.catalina.connector.CoyoteAdapter.service(CoyoteAdapter.java:408)
	at org.apache.coyote.http11.AbstractHttp11Processor.process(AbstractHttp11Processor.java:1070)
	at org.apache.coyote.AbstractProtocol$AbstractConnectionHandler.process(AbstractProtocol.java:611)
	at org.apache.tomcat.util.net.JIoEndpoint$SocketProcessor.run(JIoEndpoint.java:316)
	at java.util.concurrent.ThreadPoolExecutor.runWorker(ThreadPoolExecutor.java:1142)
	at java.util.concurrent.ThreadPoolExecutor$Worker.run(ThreadPoolExecutor.java:617)
	at org.apache.tomcat.util.threads.TaskThread$WrappingRunnable.run(TaskThread.java:61)
	at java.lang.Thread.run(Thread.java:745)
2014-12-16 15:42:22,492 [http-bio-18080-exec-5] ERROR StackTrace  - Full Stack Trace:
org.h2.jdbc.JdbcSQLException: Valor demasiado largo para la columna "TEXTO VARCHAR(255) NOT NULL": "STRINGDECODE('Desde que sub\u00edan al coche, no paraban de hablar. Ten\u00edan siempre uno o dos temas de conversaci\u00f3n que... (1910)"
Value too long for column "TEXTO VARCHAR(255) NOT NULL": "STRINGDECODE('Desde que sub\u00edan al coche, no paraban de hablar. Ten\u00edan siempre uno o dos temas de conversaci\u00f3n que... (1910)"; SQL statement:
insert into texto (id, version, texto, titulo) values (null, ?, ?, ?) [22001-176]
	at org.h2.message.DbException.getJdbcSQLException(DbException.java:344)
	at org.h2.message.DbException.get(DbException.java:178)
	at org.h2.table.Column.validateConvertUpdateSequence(Column.java:332)
	at org.h2.table.Table.validateConvertUpdateSequence(Table.java:726)
	at org.h2.command.dml.Insert.insertRows(Insert.java:152)
	at org.h2.command.dml.Insert.update(Insert.java:115)
	at org.h2.command.CommandContainer.update(CommandContainer.java:79)
	at org.h2.command.Command.executeUpdate(Command.java:254)
	at org.h2.jdbc.JdbcPreparedStatement.executeUpdateInternal(JdbcPreparedStatement.java:158)
	at org.h2.jdbc.JdbcPreparedStatement.executeUpdate(JdbcPreparedStatement.java:144)
	at audiotext.TextoController.$tt__save(TextoController.groovy:38)
	at grails.plugin.cache.web.filter.PageFragmentCachingFilter.doFilter(PageFragmentCachingFilter.java:198)
	at grails.plugin.cache.web.filter.AbstractFilter.doFilter(AbstractFilter.java:63)
	at java.util.concurrent.ThreadPoolExecutor.runWorker(ThreadPoolExecutor.java:1142)
	at java.util.concurrent.ThreadPoolExecutor$Worker.run(ThreadPoolExecutor.java:617)
	at java.lang.Thread.run(Thread.java:745)
2014-12-16 15:42:22,499 [http-bio-18080-exec-5] ERROR StackTrace  - Full Stack Trace:
org.h2.jdbc.JdbcSQLException: Valor demasiado largo para la columna "TEXTO VARCHAR(255) NOT NULL": "STRINGDECODE('Desde que sub\u00edan al coche, no paraban de hablar. Ten\u00edan siempre uno o dos temas de conversaci\u00f3n que... (1910)"
Value too long for column "TEXTO VARCHAR(255) NOT NULL": "STRINGDECODE('Desde que sub\u00edan al coche, no paraban de hablar. Ten\u00edan siempre uno o dos temas de conversaci\u00f3n que... (1910)"; SQL statement:
insert into texto (id, version, texto, titulo) values (null, ?, ?, ?) [22001-176]
	at org.h2.message.DbException.getJdbcSQLException(DbException.java:344)
	at org.h2.message.DbException.get(DbException.java:178)
	at org.h2.table.Column.validateConvertUpdateSequence(Column.java:332)
	at org.h2.table.Table.validateConvertUpdateSequence(Table.java:726)
	at org.h2.command.dml.Insert.insertRows(Insert.java:152)
	at org.h2.command.dml.Insert.update(Insert.java:115)
	at org.h2.command.CommandContainer.update(CommandContainer.java:79)
	at org.h2.command.Command.executeUpdate(Command.java:254)
	at org.h2.jdbc.JdbcPreparedStatement.executeUpdateInternal(JdbcPreparedStatement.java:158)
	at org.h2.jdbc.JdbcPreparedStatement.executeUpdate(JdbcPreparedStatement.java:144)
	at audiotext.TextoController.$tt__save(TextoController.groovy:38)
	at grails.plugin.cache.web.filter.PageFragmentCachingFilter.doFilter(PageFragmentCachingFilter.java:198)
	at grails.plugin.cache.web.filter.AbstractFilter.doFilter(AbstractFilter.java:63)
	at java.util.concurrent.ThreadPoolExecutor.runWorker(ThreadPoolExecutor.java:1142)
	at java.util.concurrent.ThreadPoolExecutor$Worker.run(ThreadPoolExecutor.java:617)
	at java.lang.Thread.run(Thread.java:745)
2014-12-16 15:42:22,500 [http-bio-18080-exec-5] ERROR StackTrace  - Full Stack Trace:
org.h2.jdbc.JdbcSQLException: Valor demasiado largo para la columna "TEXTO VARCHAR(255) NOT NULL": "STRINGDECODE('Desde que sub\u00edan al coche, no paraban de hablar. Ten\u00edan siempre uno o dos temas de conversaci\u00f3n que... (1910)"
Value too long for column "TEXTO VARCHAR(255) NOT NULL": "STRINGDECODE('Desde que sub\u00edan al coche, no paraban de hablar. Ten\u00edan siempre uno o dos temas de conversaci\u00f3n que... (1910)"; SQL statement:
insert into texto (id, version, texto, titulo) values (null, ?, ?, ?) [22001-176]
	at org.h2.message.DbException.getJdbcSQLException(DbException.java:344)
	at org.h2.message.DbException.get(DbException.java:178)
	at org.h2.table.Column.validateConvertUpdateSequence(Column.java:332)
	at org.h2.table.Table.validateConvertUpdateSequence(Table.java:726)
	at org.h2.command.dml.Insert.insertRows(Insert.java:152)
	at org.h2.command.dml.Insert.update(Insert.java:115)
	at org.h2.command.CommandContainer.update(CommandContainer.java:79)
	at org.h2.command.Command.executeUpdate(Command.java:254)
	at org.h2.jdbc.JdbcPreparedStatement.executeUpdateInternal(JdbcPreparedStatement.java:158)
	at org.h2.jdbc.JdbcPreparedStatement.executeUpdate(JdbcPreparedStatement.java:144)
	at audiotext.TextoController.$tt__save(TextoController.groovy:38)
	at grails.plugin.cache.web.filter.PageFragmentCachingFilter.doFilter(PageFragmentCachingFilter.java:198)
	at grails.plugin.cache.web.filter.AbstractFilter.doFilter(AbstractFilter.java:63)
	at java.util.concurrent.ThreadPoolExecutor.runWorker(ThreadPoolExecutor.java:1142)
	at java.util.concurrent.ThreadPoolExecutor$Worker.run(ThreadPoolExecutor.java:617)
	at java.lang.Thread.run(Thread.java:745)
2014-12-16 15:42:22,500 [http-bio-18080-exec-5] ERROR StackTrace  - Full Stack Trace:
org.h2.jdbc.JdbcSQLException: Valor demasiado largo para la columna "TEXTO VARCHAR(255) NOT NULL": "STRINGDECODE('Desde que sub\u00edan al coche, no paraban de hablar. Ten\u00edan siempre uno o dos temas de conversaci\u00f3n que... (1910)"
Value too long for column "TEXTO VARCHAR(255) NOT NULL": "STRINGDECODE('Desde que sub\u00edan al coche, no paraban de hablar. Ten\u00edan siempre uno o dos temas de conversaci\u00f3n que... (1910)"; SQL statement:
insert into texto (id, version, texto, titulo) values (null, ?, ?, ?) [22001-176]
	at org.h2.message.DbException.getJdbcSQLException(DbException.java:344)
	at org.h2.message.DbException.get(DbException.java:178)
	at org.h2.table.Column.validateConvertUpdateSequence(Column.java:332)
	at org.h2.table.Table.validateConvertUpdateSequence(Table.java:726)
	at org.h2.command.dml.Insert.insertRows(Insert.java:152)
	at org.h2.command.dml.Insert.update(Insert.java:115)
	at org.h2.command.CommandContainer.update(CommandContainer.java:79)
	at org.h2.command.Command.executeUpdate(Command.java:254)
	at org.h2.jdbc.JdbcPreparedStatement.executeUpdateInternal(JdbcPreparedStatement.java:158)
	at org.h2.jdbc.JdbcPreparedStatement.executeUpdate(JdbcPreparedStatement.java:144)
	at audiotext.TextoController.$tt__save(TextoController.groovy:38)
	at grails.plugin.cache.web.filter.PageFragmentCachingFilter.doFilter(PageFragmentCachingFilter.java:198)
	at grails.plugin.cache.web.filter.AbstractFilter.doFilter(AbstractFilter.java:63)
	at java.util.concurrent.ThreadPoolExecutor.runWorker(ThreadPoolExecutor.java:1142)
	at java.util.concurrent.ThreadPoolExecutor$Worker.run(ThreadPoolExecutor.java:617)
	at java.lang.Thread.run(Thread.java:745)
2014-12-16 15:42:22,500 [http-bio-18080-exec-5] ERROR StackTrace  - Full Stack Trace:
org.h2.jdbc.JdbcSQLException: Valor demasiado largo para la columna "TEXTO VARCHAR(255) NOT NULL": "STRINGDECODE('Desde que sub\u00edan al coche, no paraban de hablar. Ten\u00edan siempre uno o dos temas de conversaci\u00f3n que... (1910)"
Value too long for column "TEXTO VARCHAR(255) NOT NULL": "STRINGDECODE('Desde que sub\u00edan al coche, no paraban de hablar. Ten\u00edan siempre uno o dos temas de conversaci\u00f3n que... (1910)"; SQL statement:
insert into texto (id, version, texto, titulo) values (null, ?, ?, ?) [22001-176]
	at org.h2.message.DbException.getJdbcSQLException(DbException.java:344)
	at org.h2.message.DbException.get(DbException.java:178)
	at org.h2.table.Column.validateConvertUpdateSequence(Column.java:332)
	at org.h2.table.Table.validateConvertUpdateSequence(Table.java:726)
	at org.h2.command.dml.Insert.insertRows(Insert.java:152)
	at org.h2.command.dml.Insert.update(Insert.java:115)
	at org.h2.command.CommandContainer.update(CommandContainer.java:79)
	at org.h2.command.Command.executeUpdate(Command.java:254)
	at org.h2.jdbc.JdbcPreparedStatement.executeUpdateInternal(JdbcPreparedStatement.java:158)
	at org.h2.jdbc.JdbcPreparedStatement.executeUpdate(JdbcPreparedStatement.java:144)
	at audiotext.TextoController.$tt__save(TextoController.groovy:38)
	at grails.plugin.cache.web.filter.PageFragmentCachingFilter.doFilter(PageFragmentCachingFilter.java:198)
	at grails.plugin.cache.web.filter.AbstractFilter.doFilter(AbstractFilter.java:63)
	at java.util.concurrent.ThreadPoolExecutor.runWorker(ThreadPoolExecutor.java:1142)
	at java.util.concurrent.ThreadPoolExecutor$Worker.run(ThreadPoolExecutor.java:617)
	at java.lang.Thread.run(Thread.java:745)
2014-12-17 15:12:11,668 [http-bio-18080-exec-2] ERROR StackTrace  - Full Stack Trace:
org.codehaus.groovy.control.MultipleCompilationErrorsException: startup failed:
C__Users_SisAdmin1_Documents_GitHub_RAIM_AudioText_grails_app_views_texto_show_gsp: 1: unable to resolve class audiodiccionario.Diccionario
 @ line 1, column 1.
   import audiodiccionario.Diccionario
   ^

1 error

	at org.codehaus.groovy.control.ErrorCollector.failIfErrors(ErrorCollector.java:309)
	at org.codehaus.groovy.control.CompilationUnit.applyToSourceUnits(CompilationUnit.java:938)
	at org.codehaus.groovy.control.CompilationUnit.doPhaseOperation(CompilationUnit.java:585)
	at org.codehaus.groovy.control.CompilationUnit.compile(CompilationUnit.java:534)
	at groovy.lang.GroovyClassLoader.doParseClass(GroovyClassLoader.java:286)
	at groovy.lang.GroovyClassLoader.parseClass(GroovyClassLoader.java:259)
	at groovy.lang.GroovyClassLoader.parseClass(GroovyClassLoader.java:245)
	at groovy.lang.GroovyClassLoader.parseClass(GroovyClassLoader.java:203)
	at org.codehaus.groovy.grails.web.pages.GroovyPagesTemplateEngine.compileGroovyPage(GroovyPagesTemplateEngine.java:628)
	at org.codehaus.groovy.grails.web.pages.GroovyPagesTemplateEngine.buildPageMetaInfo(GroovyPagesTemplateEngine.java:580)
	at org.codehaus.groovy.grails.web.pages.GroovyPagesTemplateEngine.buildPageMetaInfo(GroovyPagesTemplateEngine.java:479)
	at org.codehaus.groovy.grails.web.pages.GroovyPagesTemplateEngine$GroovyPagesTemplateEngineCacheEntry.updateValue(GroovyPagesTemplateEngine.java:153)
	at org.codehaus.groovy.grails.web.pages.GroovyPagesTemplateEngine$GroovyPagesTemplateEngineCacheEntry.updateValue(GroovyPagesTemplateEngine.java:132)
	at grails.util.CacheEntry.getValue(CacheEntry.java:144)
	at grails.util.CacheEntry.getValue(CacheEntry.java:84)
	at org.codehaus.groovy.grails.web.pages.GroovyPagesTemplateEngine.createTemplate(GroovyPagesTemplateEngine.java:302)
	at org.codehaus.groovy.grails.web.pages.GroovyPagesTemplateEngine.createTemplate(GroovyPagesTemplateEngine.java:292)
	at org.codehaus.groovy.grails.web.pages.GroovyPagesTemplateEngine.createTemplate(GroovyPagesTemplateEngine.java:394)
	at org.codehaus.groovy.grails.web.servlet.view.GroovyPageView.initTemplate(GroovyPageView.java:170)
	at org.codehaus.groovy.grails.web.servlet.view.GroovyPageView.afterPropertiesSet(GroovyPageView.java:159)
	at org.codehaus.groovy.grails.web.servlet.view.GroovyPageViewResolver.createGroovyPageView(GroovyPageViewResolver.java:208)
	at org.codehaus.groovy.grails.web.servlet.view.GroovyPageViewResolver.createGrailsView(GroovyPageViewResolver.java:191)
	at org.codehaus.groovy.grails.web.servlet.view.GroovyPageViewResolver.loadView(GroovyPageViewResolver.java:96)
	at org.springframework.web.servlet.view.AbstractCachingViewResolver.createView(AbstractCachingViewResolver.java:244)
	at org.springframework.web.servlet.view.UrlBasedViewResolver.createView(UrlBasedViewResolver.java:411)
	at org.springframework.web.servlet.view.AbstractCachingViewResolver.resolveViewName(AbstractCachingViewResolver.java:146)
	at org.codehaus.groovy.grails.web.servlet.view.GroovyPageViewResolver.resolveViewName(GroovyPageViewResolver.java:85)
	at org.codehaus.groovy.grails.web.servlet.view.GrailsLayoutViewResolver.resolveViewName(GrailsLayoutViewResolver.java:50)
	at org.springframework.web.servlet.DispatcherServlet.resolveViewName(DispatcherServlet.java:1260)
	at org.springframework.web.servlet.DispatcherServlet.render(DispatcherServlet.java:1201)
	at org.codehaus.groovy.grails.web.servlet.GrailsDispatcherServlet.doDispatch(GrailsDispatcherServlet.java:391)
	at org.springframework.web.servlet.DispatcherServlet.doService(DispatcherServlet.java:870)
	at org.springframework.web.servlet.FrameworkServlet.processRequest(FrameworkServlet.java:961)
	at org.springframework.web.servlet.FrameworkServlet.doGet(FrameworkServlet.java:852)
	at javax.servlet.http.HttpServlet.service(HttpServlet.java:620)
	at org.springframework.web.servlet.FrameworkServlet.service(FrameworkServlet.java:837)
	at javax.servlet.http.HttpServlet.service(HttpServlet.java:727)
	at org.apache.catalina.core.ApplicationFilterChain.internalDoFilter(ApplicationFilterChain.java:303)
	at org.apache.catalina.core.ApplicationFilterChain.doFilter(ApplicationFilterChain.java:208)
	at org.apache.tomcat.websocket.server.WsFilter.doFilter(WsFilter.java:52)
	at org.apache.catalina.core.ApplicationFilterChain.internalDoFilter(ApplicationFilterChain.java:241)
	at org.apache.catalina.core.ApplicationFilterChain.doFilter(ApplicationFilterChain.java:208)
	at grails.plugin.cache.web.filter.PageFragmentCachingFilter.doFilter(PageFragmentCachingFilter.java:198)
	at grails.plugin.cache.web.filter.AbstractFilter.doFilter(AbstractFilter.java:63)
	at org.springframework.web.filter.DelegatingFilterProxy.invokeDelegate(DelegatingFilterProxy.java:344)
	at org.springframework.web.filter.DelegatingFilterProxy.doFilter(DelegatingFilterProxy.java:261)
	at org.apache.catalina.core.ApplicationFilterChain.internalDoFilter(ApplicationFilterChain.java:241)
	at org.apache.catalina.core.ApplicationFilterChain.doFilter(ApplicationFilterChain.java:208)
	at org.springframework.web.filter.OncePerRequestFilter.doFilter(OncePerRequestFilter.java:101)
	at org.apache.catalina.core.ApplicationFilterChain.internalDoFilter(ApplicationFilterChain.java:241)
	at org.apache.catalina.core.ApplicationFilterChain.doFilter(ApplicationFilterChain.java:208)
	at org.springframework.web.filter.OncePerRequestFilter.doFilter(OncePerRequestFilter.java:101)
	at org.apache.catalina.core.ApplicationFilterChain.internalDoFilter(ApplicationFilterChain.java:241)
	at org.apache.catalina.core.ApplicationFilterChain.doFilter(ApplicationFilterChain.java:208)
	at org.springframework.web.filter.OncePerRequestFilter.doFilter(OncePerRequestFilter.java:101)
	at org.apache.catalina.core.ApplicationFilterChain.internalDoFilter(ApplicationFilterChain.java:241)
	at org.apache.catalina.core.ApplicationFilterChain.doFilter(ApplicationFilterChain.java:208)
	at org.apache.catalina.core.ApplicationDispatcher.invoke(ApplicationDispatcher.java:748)
	at org.apache.catalina.core.ApplicationDispatcher.processRequest(ApplicationDispatcher.java:486)
	at org.apache.catalina.core.ApplicationDispatcher.doForward(ApplicationDispatcher.java:411)
	at org.apache.catalina.core.ApplicationDispatcher.forward(ApplicationDispatcher.java:338)
	at org.codehaus.groovy.grails.web.mapping.UrlMappingUtils.forwardRequestForUrlMappingInfo(UrlMappingUtils.java:178)
	at org.codehaus.groovy.grails.web.mapping.UrlMappingUtils.forwardRequestForUrlMappingInfo(UrlMappingUtils.java:144)
	at org.codehaus.groovy.grails.web.mapping.UrlMappingUtils.forwardRequestForUrlMappingInfo(UrlMappingUtils.java:135)
	at org.codehaus.groovy.grails.web.mapping.filter.UrlMappingsFilter.doFilterInternal(UrlMappingsFilter.java:216)
	at org.springframework.web.filter.OncePerRequestFilter.doFilter(OncePerRequestFilter.java:107)
	at org.apache.catalina.core.ApplicationFilterChain.internalDoFilter(ApplicationFilterChain.java:241)
	at org.apache.catalina.core.ApplicationFilterChain.doFilter(ApplicationFilterChain.java:208)
	at org.codehaus.groovy.grails.web.servlet.mvc.GrailsWebRequestFilter.doFilterInternal(GrailsWebRequestFilter.java:69)
	at org.springframework.web.filter.OncePerRequestFilter.doFilter(OncePerRequestFilter.java:107)
	at org.apache.catalina.core.ApplicationFilterChain.internalDoFilter(ApplicationFilterChain.java:241)
	at org.apache.catalina.core.ApplicationFilterChain.doFilter(ApplicationFilterChain.java:208)
	at org.codehaus.groovy.grails.web.filters.HiddenHttpMethodFilter.doFilterInternal(HiddenHttpMethodFilter.java:67)
	at org.springframework.web.filter.OncePerRequestFilter.doFilter(OncePerRequestFilter.java:107)
	at org.apache.catalina.core.ApplicationFilterChain.internalDoFilter(ApplicationFilterChain.java:241)
	at org.apache.catalina.core.ApplicationFilterChain.doFilter(ApplicationFilterChain.java:208)
	at org.springframework.web.filter.CharacterEncodingFilter.doFilterInternal(CharacterEncodingFilter.java:88)
	at org.springframework.web.filter.OncePerRequestFilter.doFilter(OncePerRequestFilter.java:107)
	at org.springframework.web.filter.DelegatingFilterProxy.invokeDelegate(DelegatingFilterProxy.java:344)
	at org.springframework.web.filter.DelegatingFilterProxy.doFilter(DelegatingFilterProxy.java:261)
	at org.apache.catalina.core.ApplicationFilterChain.internalDoFilter(ApplicationFilterChain.java:241)
	at org.apache.catalina.core.ApplicationFilterChain.doFilter(ApplicationFilterChain.java:208)
	at org.apache.catalina.core.StandardWrapperValve.invoke(StandardWrapperValve.java:220)
	at org.apache.catalina.core.StandardContextValve.invoke(StandardContextValve.java:122)
	at org.apache.catalina.core.StandardHostValve.invoke(StandardHostValve.java:171)
	at org.apache.catalina.valves.ErrorReportValve.invoke(ErrorReportValve.java:103)
	at org.apache.catalina.core.StandardEngineValve.invoke(StandardEngineValve.java:116)
	at org.apache.catalina.connector.CoyoteAdapter.service(CoyoteAdapter.java:408)
	at org.apache.coyote.http11.AbstractHttp11Processor.process(AbstractHttp11Processor.java:1070)
	at org.apache.coyote.AbstractProtocol$AbstractConnectionHandler.process(AbstractProtocol.java:611)
	at org.apache.tomcat.util.net.JIoEndpoint$SocketProcessor.run(JIoEndpoint.java:314)
	at java.util.concurrent.ThreadPoolExecutor.runWorker(ThreadPoolExecutor.java:1142)
	at java.util.concurrent.ThreadPoolExecutor$Worker.run(ThreadPoolExecutor.java:617)
	at org.apache.tomcat.util.threads.TaskThread$WrappingRunnable.run(TaskThread.java:61)
	at java.lang.Thread.run(Thread.java:745)
2014-12-17 15:12:11,684 [http-bio-18080-exec-2] ERROR StackTrace  - Full Stack Trace:
org.codehaus.groovy.control.MultipleCompilationErrorsException: startup failed:
C__Users_SisAdmin1_Documents_GitHub_RAIM_AudioText_grails_app_views_texto_show_gsp: 1: unable to resolve class audiodiccionario.Diccionario
 @ line 1, column 1.
   import audiodiccionario.Diccionario
   ^

1 error

	at org.codehaus.groovy.control.ErrorCollector.failIfErrors(ErrorCollector.java:309)
	at org.codehaus.groovy.control.CompilationUnit.applyToSourceUnits(CompilationUnit.java:938)
	at org.codehaus.groovy.control.CompilationUnit.doPhaseOperation(CompilationUnit.java:585)
	at org.codehaus.groovy.control.CompilationUnit.compile(CompilationUnit.java:534)
	at grails.util.CacheEntry.getValue(CacheEntry.java:144)
	at grails.util.CacheEntry.getValue(CacheEntry.java:84)
	at grails.plugin.cache.web.filter.PageFragmentCachingFilter.doFilter(PageFragmentCachingFilter.java:198)
	at grails.plugin.cache.web.filter.AbstractFilter.doFilter(AbstractFilter.java:63)
	at java.util.concurrent.ThreadPoolExecutor.runWorker(ThreadPoolExecutor.java:1142)
	at java.util.concurrent.ThreadPoolExecutor$Worker.run(ThreadPoolExecutor.java:617)
	at java.lang.Thread.run(Thread.java:745)
2014-12-17 15:12:11,684 [http-bio-18080-exec-2] ERROR StackTrace  - Full Stack Trace:
org.codehaus.groovy.control.MultipleCompilationErrorsException: startup failed:
C__Users_SisAdmin1_Documents_GitHub_RAIM_AudioText_grails_app_views_texto_show_gsp: 1: unable to resolve class audiodiccionario.Diccionario
 @ line 1, column 1.
   import audiodiccionario.Diccionario
   ^

1 error

	at org.codehaus.groovy.control.ErrorCollector.failIfErrors(ErrorCollector.java:309)
	at org.codehaus.groovy.control.CompilationUnit.applyToSourceUnits(CompilationUnit.java:938)
	at org.codehaus.groovy.control.CompilationUnit.doPhaseOperation(CompilationUnit.java:585)
	at org.codehaus.groovy.control.CompilationUnit.compile(CompilationUnit.java:534)
	at grails.util.CacheEntry.getValue(CacheEntry.java:144)
	at grails.util.CacheEntry.getValue(CacheEntry.java:84)
	at grails.plugin.cache.web.filter.PageFragmentCachingFilter.doFilter(PageFragmentCachingFilter.java:198)
	at grails.plugin.cache.web.filter.AbstractFilter.doFilter(AbstractFilter.java:63)
	at java.util.concurrent.ThreadPoolExecutor.runWorker(ThreadPoolExecutor.java:1142)
	at java.util.concurrent.ThreadPoolExecutor$Worker.run(ThreadPoolExecutor.java:617)
	at java.lang.Thread.run(Thread.java:745)
2014-12-17 15:12:11,685 [http-bio-18080-exec-2] ERROR StackTrace  - Full Stack Trace:
org.codehaus.groovy.control.MultipleCompilationErrorsException: startup failed:
C__Users_SisAdmin1_Documents_GitHub_RAIM_AudioText_grails_app_views_texto_show_gsp: 1: unable to resolve class audiodiccionario.Diccionario
 @ line 1, column 1.
   import audiodiccionario.Diccionario
   ^

1 error

	at org.codehaus.groovy.control.ErrorCollector.failIfErrors(ErrorCollector.java:309)
	at org.codehaus.groovy.control.CompilationUnit.applyToSourceUnits(CompilationUnit.java:938)
	at org.codehaus.groovy.control.CompilationUnit.doPhaseOperation(CompilationUnit.java:585)
	at org.codehaus.groovy.control.CompilationUnit.compile(CompilationUnit.java:534)
	at grails.util.CacheEntry.getValue(CacheEntry.java:144)
	at grails.util.CacheEntry.getValue(CacheEntry.java:84)
	at grails.plugin.cache.web.filter.PageFragmentCachingFilter.doFilter(PageFragmentCachingFilter.java:198)
	at grails.plugin.cache.web.filter.AbstractFilter.doFilter(AbstractFilter.java:63)
	at java.util.concurrent.ThreadPoolExecutor.runWorker(ThreadPoolExecutor.java:1142)
	at java.util.concurrent.ThreadPoolExecutor$Worker.run(ThreadPoolExecutor.java:617)
	at java.lang.Thread.run(Thread.java:745)
2014-12-17 15:12:11,713 [http-bio-18080-exec-2] ERROR StackTrace  - Full Stack Trace:
org.codehaus.groovy.grails.web.pages.exceptions.GroovyPagesException: Could not parse script [C:\Users\SisAdmin1\Documents\GitHub\RAIM\AudioText\grails-app\views\texto\show.gsp]: startup failed:
C__Users_SisAdmin1_Documents_GitHub_RAIM_AudioText_grails_app_views_texto_show_gsp: 1: unable to resolve class audiodiccionario.Diccionario
 @ line 1, column 1.
   import audiodiccionario.Diccionario
   ^

1 error

	at org.codehaus.groovy.grails.web.pages.GroovyPagesTemplateEngine.compileGroovyPage(GroovyPagesTemplateEngine.java:640)
	at org.codehaus.groovy.grails.web.pages.GroovyPagesTemplateEngine.buildPageMetaInfo(GroovyPagesTemplateEngine.java:580)
	at org.codehaus.groovy.grails.web.pages.GroovyPagesTemplateEngine.buildPageMetaInfo(GroovyPagesTemplateEngine.java:479)
	at org.codehaus.groovy.grails.web.pages.GroovyPagesTemplateEngine$GroovyPagesTemplateEngineCacheEntry.updateValue(GroovyPagesTemplateEngine.java:153)
	at org.codehaus.groovy.grails.web.pages.GroovyPagesTemplateEngine$GroovyPagesTemplateEngineCacheEntry.updateValue(GroovyPagesTemplateEngine.java:132)
	at grails.util.CacheEntry.getValue(CacheEntry.java:144)
	at grails.util.CacheEntry.getValue(CacheEntry.java:84)
	at org.codehaus.groovy.grails.web.pages.GroovyPagesTemplateEngine.createTemplate(GroovyPagesTemplateEngine.java:302)
	at org.codehaus.groovy.grails.web.pages.GroovyPagesTemplateEngine.createTemplate(GroovyPagesTemplateEngine.java:292)
	at org.codehaus.groovy.grails.web.pages.GroovyPagesTemplateEngine.createTemplate(GroovyPagesTemplateEngine.java:394)
	at org.codehaus.groovy.grails.web.servlet.view.GroovyPageView.initTemplate(GroovyPageView.java:170)
	at org.codehaus.groovy.grails.web.servlet.view.GroovyPageView.afterPropertiesSet(GroovyPageView.java:159)
	at org.codehaus.groovy.grails.web.servlet.view.GroovyPageViewResolver.createGroovyPageView(GroovyPageViewResolver.java:208)
	at org.codehaus.groovy.grails.web.servlet.view.GroovyPageViewResolver.createGrailsView(GroovyPageViewResolver.java:191)
	at org.codehaus.groovy.grails.web.servlet.view.GroovyPageViewResolver.loadView(GroovyPageViewResolver.java:96)
	at org.springframework.web.servlet.view.AbstractCachingViewResolver.createView(AbstractCachingViewResolver.java:244)
	at org.springframework.web.servlet.view.UrlBasedViewResolver.createView(UrlBasedViewResolver.java:411)
	at org.springframework.web.servlet.view.AbstractCachingViewResolver.resolveViewName(AbstractCachingViewResolver.java:146)
	at org.codehaus.groovy.grails.web.servlet.view.GroovyPageViewResolver.resolveViewName(GroovyPageViewResolver.java:85)
	at org.codehaus.groovy.grails.web.servlet.view.GrailsLayoutViewResolver.resolveViewName(GrailsLayoutViewResolver.java:50)
	at org.springframework.web.servlet.DispatcherServlet.resolveViewName(DispatcherServlet.java:1260)
	at org.springframework.web.servlet.DispatcherServlet.render(DispatcherServlet.java:1201)
	at org.codehaus.groovy.grails.web.servlet.GrailsDispatcherServlet.doDispatch(GrailsDispatcherServlet.java:391)
	at org.springframework.web.servlet.DispatcherServlet.doService(DispatcherServlet.java:870)
	at org.springframework.web.servlet.FrameworkServlet.processRequest(FrameworkServlet.java:961)
	at org.springframework.web.servlet.FrameworkServlet.doGet(FrameworkServlet.java:852)
	at javax.servlet.http.HttpServlet.service(HttpServlet.java:620)
	at org.springframework.web.servlet.FrameworkServlet.service(FrameworkServlet.java:837)
	at javax.servlet.http.HttpServlet.service(HttpServlet.java:727)
	at org.apache.catalina.core.ApplicationFilterChain.internalDoFilter(ApplicationFilterChain.java:303)
	at org.apache.catalina.core.ApplicationFilterChain.doFilter(ApplicationFilterChain.java:208)
	at org.apache.tomcat.websocket.server.WsFilter.doFilter(WsFilter.java:52)
	at org.apache.catalina.core.ApplicationFilterChain.internalDoFilter(ApplicationFilterChain.java:241)
	at org.apache.catalina.core.ApplicationFilterChain.doFilter(ApplicationFilterChain.java:208)
	at grails.plugin.cache.web.filter.PageFragmentCachingFilter.doFilter(PageFragmentCachingFilter.java:198)
	at grails.plugin.cache.web.filter.AbstractFilter.doFilter(AbstractFilter.java:63)
	at org.springframework.web.filter.DelegatingFilterProxy.invokeDelegate(DelegatingFilterProxy.java:344)
	at org.springframework.web.filter.DelegatingFilterProxy.doFilter(DelegatingFilterProxy.java:261)
	at org.apache.catalina.core.ApplicationFilterChain.internalDoFilter(ApplicationFilterChain.java:241)
	at org.apache.catalina.core.ApplicationFilterChain.doFilter(ApplicationFilterChain.java:208)
	at org.springframework.web.filter.OncePerRequestFilter.doFilter(OncePerRequestFilter.java:101)
	at org.apache.catalina.core.ApplicationFilterChain.internalDoFilter(ApplicationFilterChain.java:241)
	at org.apache.catalina.core.ApplicationFilterChain.doFilter(ApplicationFilterChain.java:208)
	at org.springframework.web.filter.OncePerRequestFilter.doFilter(OncePerRequestFilter.java:101)
	at org.apache.catalina.core.ApplicationFilterChain.internalDoFilter(ApplicationFilterChain.java:241)
	at org.apache.catalina.core.ApplicationFilterChain.doFilter(ApplicationFilterChain.java:208)
	at org.springframework.web.filter.OncePerRequestFilter.doFilter(OncePerRequestFilter.java:101)
	at org.apache.catalina.core.ApplicationFilterChain.internalDoFilter(ApplicationFilterChain.java:241)
	at org.apache.catalina.core.ApplicationFilterChain.doFilter(ApplicationFilterChain.java:208)
	at org.apache.catalina.core.ApplicationDispatcher.invoke(ApplicationDispatcher.java:748)
	at org.apache.catalina.core.ApplicationDispatcher.processRequest(ApplicationDispatcher.java:486)
	at org.apache.catalina.core.ApplicationDispatcher.doForward(ApplicationDispatcher.java:411)
	at org.apache.catalina.core.ApplicationDispatcher.forward(ApplicationDispatcher.java:338)
	at org.codehaus.groovy.grails.web.mapping.UrlMappingUtils.forwardRequestForUrlMappingInfo(UrlMappingUtils.java:178)
	at org.codehaus.groovy.grails.web.mapping.UrlMappingUtils.forwardRequestForUrlMappingInfo(UrlMappingUtils.java:144)
	at org.codehaus.groovy.grails.web.mapping.UrlMappingUtils.forwardRequestForUrlMappingInfo(UrlMappingUtils.java:135)
	at org.codehaus.groovy.grails.web.mapping.filter.UrlMappingsFilter.doFilterInternal(UrlMappingsFilter.java:216)
	at org.springframework.web.filter.OncePerRequestFilter.doFilter(OncePerRequestFilter.java:107)
	at org.apache.catalina.core.ApplicationFilterChain.internalDoFilter(ApplicationFilterChain.java:241)
	at org.apache.catalina.core.ApplicationFilterChain.doFilter(ApplicationFilterChain.java:208)
	at org.codehaus.groovy.grails.web.servlet.mvc.GrailsWebRequestFilter.doFilterInternal(GrailsWebRequestFilter.java:69)
	at org.springframework.web.filter.OncePerRequestFilter.doFilter(OncePerRequestFilter.java:107)
	at org.apache.catalina.core.ApplicationFilterChain.internalDoFilter(ApplicationFilterChain.java:241)
	at org.apache.catalina.core.ApplicationFilterChain.doFilter(ApplicationFilterChain.java:208)
	at org.codehaus.groovy.grails.web.filters.HiddenHttpMethodFilter.doFilterInternal(HiddenHttpMethodFilter.java:67)
	at org.springframework.web.filter.OncePerRequestFilter.doFilter(OncePerRequestFilter.java:107)
	at org.apache.catalina.core.ApplicationFilterChain.internalDoFilter(ApplicationFilterChain.java:241)
	at org.apache.catalina.core.ApplicationFilterChain.doFilter(ApplicationFilterChain.java:208)
	at org.springframework.web.filter.CharacterEncodingFilter.doFilterInternal(CharacterEncodingFilter.java:88)
	at org.springframework.web.filter.OncePerRequestFilter.doFilter(OncePerRequestFilter.java:107)
	at org.springframework.web.filter.DelegatingFilterProxy.invokeDelegate(DelegatingFilterProxy.java:344)
	at org.springframework.web.filter.DelegatingFilterProxy.doFilter(DelegatingFilterProxy.java:261)
	at org.apache.catalina.core.ApplicationFilterChain.internalDoFilter(ApplicationFilterChain.java:241)
	at org.apache.catalina.core.ApplicationFilterChain.doFilter(ApplicationFilterChain.java:208)
	at org.apache.catalina.core.StandardWrapperValve.invoke(StandardWrapperValve.java:220)
	at org.apache.catalina.core.StandardContextValve.invoke(StandardContextValve.java:122)
	at org.apache.catalina.core.StandardHostValve.invoke(StandardHostValve.java:171)
	at org.apache.catalina.valves.ErrorReportValve.invoke(ErrorReportValve.java:103)
	at org.apache.catalina.core.StandardEngineValve.invoke(StandardEngineValve.java:116)
	at org.apache.catalina.connector.CoyoteAdapter.service(CoyoteAdapter.java:408)
	at org.apache.coyote.http11.AbstractHttp11Processor.process(AbstractHttp11Processor.java:1070)
	at org.apache.coyote.AbstractProtocol$AbstractConnectionHandler.process(AbstractProtocol.java:611)
	at org.apache.tomcat.util.net.JIoEndpoint$SocketProcessor.run(JIoEndpoint.java:314)
	at java.util.concurrent.ThreadPoolExecutor.runWorker(ThreadPoolExecutor.java:1142)
	at java.util.concurrent.ThreadPoolExecutor$Worker.run(ThreadPoolExecutor.java:617)
	at org.apache.tomcat.util.threads.TaskThread$WrappingRunnable.run(TaskThread.java:61)
	at java.lang.Thread.run(Thread.java:745)
Caused by: org.codehaus.groovy.control.MultipleCompilationErrorsException: startup failed:
C__Users_SisAdmin1_Documents_GitHub_RAIM_AudioText_grails_app_views_texto_show_gsp: 1: unable to resolve class audiodiccionario.Diccionario
 @ line 1, column 1.
   import audiodiccionario.Diccionario
   ^

1 error

	at org.codehaus.groovy.control.ErrorCollector.failIfErrors(ErrorCollector.java:309)
	at org.codehaus.groovy.control.CompilationUnit.applyToSourceUnits(CompilationUnit.java:938)
	at org.codehaus.groovy.control.CompilationUnit.doPhaseOperation(CompilationUnit.java:585)
	at org.codehaus.groovy.control.CompilationUnit.compile(CompilationUnit.java:534)
	at grails.util.CacheEntry.getValue(CacheEntry.java:144)
	at grails.util.CacheEntry.getValue(CacheEntry.java:84)
	at grails.plugin.cache.web.filter.PageFragmentCachingFilter.doFilter(PageFragmentCachingFilter.java:198)
	at grails.plugin.cache.web.filter.AbstractFilter.doFilter(AbstractFilter.java:63)
	at java.util.concurrent.ThreadPoolExecutor.runWorker(ThreadPoolExecutor.java:1142)
	at java.util.concurrent.ThreadPoolExecutor$Worker.run(ThreadPoolExecutor.java:617)
	... 1 more
2014-12-17 15:12:11,714 [http-bio-18080-exec-2] ERROR StackTrace  - Full Stack Trace:
org.codehaus.groovy.control.MultipleCompilationErrorsException: startup failed:
C__Users_SisAdmin1_Documents_GitHub_RAIM_AudioText_grails_app_views_texto_show_gsp: 1: unable to resolve class audiodiccionario.Diccionario
 @ line 1, column 1.
   import audiodiccionario.Diccionario
   ^

1 error

	at org.codehaus.groovy.control.ErrorCollector.failIfErrors(ErrorCollector.java:309)
	at org.codehaus.groovy.control.CompilationUnit.applyToSourceUnits(CompilationUnit.java:938)
	at org.codehaus.groovy.control.CompilationUnit.doPhaseOperation(CompilationUnit.java:585)
	at org.codehaus.groovy.control.CompilationUnit.compile(CompilationUnit.java:534)
	at grails.util.CacheEntry.getValue(CacheEntry.java:144)
	at grails.util.CacheEntry.getValue(CacheEntry.java:84)
	at grails.plugin.cache.web.filter.PageFragmentCachingFilter.doFilter(PageFragmentCachingFilter.java:198)
	at grails.plugin.cache.web.filter.AbstractFilter.doFilter(AbstractFilter.java:63)
	at java.util.concurrent.ThreadPoolExecutor.runWorker(ThreadPoolExecutor.java:1142)
	at java.util.concurrent.ThreadPoolExecutor$Worker.run(ThreadPoolExecutor.java:617)
	at java.lang.Thread.run(Thread.java:745)
2014-12-17 15:12:11,714 [http-bio-18080-exec-2] ERROR StackTrace  - Full Stack Trace:
org.codehaus.groovy.grails.web.pages.exceptions.GroovyPagesException: Could not parse script [C:\Users\SisAdmin1\Documents\GitHub\RAIM\AudioText\grails-app\views\texto\show.gsp]: startup failed:
C__Users_SisAdmin1_Documents_GitHub_RAIM_AudioText_grails_app_views_texto_show_gsp: 1: unable to resolve class audiodiccionario.Diccionario
 @ line 1, column 1.
   import audiodiccionario.Diccionario
   ^

1 error

	at grails.util.CacheEntry.getValue(CacheEntry.java:144)
	at grails.util.CacheEntry.getValue(CacheEntry.java:84)
	at grails.plugin.cache.web.filter.PageFragmentCachingFilter.doFilter(PageFragmentCachingFilter.java:198)
	at grails.plugin.cache.web.filter.AbstractFilter.doFilter(AbstractFilter.java:63)
	at java.util.concurrent.ThreadPoolExecutor.runWorker(ThreadPoolExecutor.java:1142)
	at java.util.concurrent.ThreadPoolExecutor$Worker.run(ThreadPoolExecutor.java:617)
	at java.lang.Thread.run(Thread.java:745)
Caused by: org.codehaus.groovy.control.MultipleCompilationErrorsException: startup failed:
C__Users_SisAdmin1_Documents_GitHub_RAIM_AudioText_grails_app_views_texto_show_gsp: 1: unable to resolve class audiodiccionario.Diccionario
 @ line 1, column 1.
   import audiodiccionario.Diccionario
   ^

1 error

	at org.codehaus.groovy.control.ErrorCollector.failIfErrors(ErrorCollector.java:309)
	at org.codehaus.groovy.control.CompilationUnit.applyToSourceUnits(CompilationUnit.java:938)
	at org.codehaus.groovy.control.CompilationUnit.doPhaseOperation(CompilationUnit.java:585)
	at org.codehaus.groovy.control.CompilationUnit.compile(CompilationUnit.java:534)
	... 7 more
2014-12-17 15:12:11,732 [http-bio-18080-exec-2] ERROR StackTrace  - Full Stack Trace:
org.codehaus.groovy.grails.web.pages.exceptions.GroovyPagesException: Could not parse script [C:\Users\SisAdmin1\Documents\GitHub\RAIM\AudioText\grails-app\views\texto\show.gsp]: startup failed:
C__Users_SisAdmin1_Documents_GitHub_RAIM_AudioText_grails_app_views_texto_show_gsp: 1: unable to resolve class audiodiccionario.Diccionario
 @ line 1, column 1.
   import audiodiccionario.Diccionario
   ^

1 error

	at grails.util.CacheEntry.getValue(CacheEntry.java:144)
	at grails.util.CacheEntry.getValue(CacheEntry.java:84)
	at grails.plugin.cache.web.filter.PageFragmentCachingFilter.doFilter(PageFragmentCachingFilter.java:198)
	at grails.plugin.cache.web.filter.AbstractFilter.doFilter(AbstractFilter.java:63)
	at java.util.concurrent.ThreadPoolExecutor.runWorker(ThreadPoolExecutor.java:1142)
	at java.util.concurrent.ThreadPoolExecutor$Worker.run(ThreadPoolExecutor.java:617)
	at java.lang.Thread.run(Thread.java:745)
Caused by: org.codehaus.groovy.control.MultipleCompilationErrorsException: startup failed:
C__Users_SisAdmin1_Documents_GitHub_RAIM_AudioText_grails_app_views_texto_show_gsp: 1: unable to resolve class audiodiccionario.Diccionario
 @ line 1, column 1.
   import audiodiccionario.Diccionario
   ^

1 error

	at org.codehaus.groovy.control.ErrorCollector.failIfErrors(ErrorCollector.java:309)
	at org.codehaus.groovy.control.CompilationUnit.applyToSourceUnits(CompilationUnit.java:938)
	at org.codehaus.groovy.control.CompilationUnit.doPhaseOperation(CompilationUnit.java:585)
	at org.codehaus.groovy.control.CompilationUnit.compile(CompilationUnit.java:534)
	... 7 more
2014-12-17 15:12:11,732 [http-bio-18080-exec-2] ERROR StackTrace  - Full Stack Trace:
org.codehaus.groovy.control.MultipleCompilationErrorsException: startup failed:
C__Users_SisAdmin1_Documents_GitHub_RAIM_AudioText_grails_app_views_texto_show_gsp: 1: unable to resolve class audiodiccionario.Diccionario
 @ line 1, column 1.
   import audiodiccionario.Diccionario
   ^

1 error

	at org.codehaus.groovy.control.ErrorCollector.failIfErrors(ErrorCollector.java:309)
	at org.codehaus.groovy.control.CompilationUnit.applyToSourceUnits(CompilationUnit.java:938)
	at org.codehaus.groovy.control.CompilationUnit.doPhaseOperation(CompilationUnit.java:585)
	at org.codehaus.groovy.control.CompilationUnit.compile(CompilationUnit.java:534)
	at grails.util.CacheEntry.getValue(CacheEntry.java:144)
	at grails.util.CacheEntry.getValue(CacheEntry.java:84)
	at grails.plugin.cache.web.filter.PageFragmentCachingFilter.doFilter(PageFragmentCachingFilter.java:198)
	at grails.plugin.cache.web.filter.AbstractFilter.doFilter(AbstractFilter.java:63)
	at java.util.concurrent.ThreadPoolExecutor.runWorker(ThreadPoolExecutor.java:1142)
	at java.util.concurrent.ThreadPoolExecutor$Worker.run(ThreadPoolExecutor.java:617)
	at java.lang.Thread.run(Thread.java:745)
2014-12-17 15:12:11,733 [http-bio-18080-exec-2] ERROR StackTrace  - Full Stack Trace:
org.codehaus.groovy.grails.web.pages.exceptions.GroovyPagesException: Could not parse script [C:\Users\SisAdmin1\Documents\GitHub\RAIM\AudioText\grails-app\views\texto\show.gsp]: startup failed:
C__Users_SisAdmin1_Documents_GitHub_RAIM_AudioText_grails_app_views_texto_show_gsp: 1: unable to resolve class audiodiccionario.Diccionario
 @ line 1, column 1.
   import audiodiccionario.Diccionario
   ^

1 error

	at grails.util.CacheEntry.getValue(CacheEntry.java:144)
	at grails.util.CacheEntry.getValue(CacheEntry.java:84)
	at grails.plugin.cache.web.filter.PageFragmentCachingFilter.doFilter(PageFragmentCachingFilter.java:198)
	at grails.plugin.cache.web.filter.AbstractFilter.doFilter(AbstractFilter.java:63)
	at java.util.concurrent.ThreadPoolExecutor.runWorker(ThreadPoolExecutor.java:1142)
	at java.util.concurrent.ThreadPoolExecutor$Worker.run(ThreadPoolExecutor.java:617)
	at java.lang.Thread.run(Thread.java:745)
Caused by: org.codehaus.groovy.control.MultipleCompilationErrorsException: startup failed:
C__Users_SisAdmin1_Documents_GitHub_RAIM_AudioText_grails_app_views_texto_show_gsp: 1: unable to resolve class audiodiccionario.Diccionario
 @ line 1, column 1.
   import audiodiccionario.Diccionario
   ^

1 error

	at org.codehaus.groovy.control.ErrorCollector.failIfErrors(ErrorCollector.java:309)
	at org.codehaus.groovy.control.CompilationUnit.applyToSourceUnits(CompilationUnit.java:938)
	at org.codehaus.groovy.control.CompilationUnit.doPhaseOperation(CompilationUnit.java:585)
	at org.codehaus.groovy.control.CompilationUnit.compile(CompilationUnit.java:534)
	... 7 more
2014-12-17 15:12:11,733 [http-bio-18080-exec-2] ERROR StackTrace  - Full Stack Trace:
org.codehaus.groovy.grails.web.pages.exceptions.GroovyPagesException: Could not parse script [C:\Users\SisAdmin1\Documents\GitHub\RAIM\AudioText\grails-app\views\texto\show.gsp]: startup failed:
C__Users_SisAdmin1_Documents_GitHub_RAIM_AudioText_grails_app_views_texto_show_gsp: 1: unable to resolve class audiodiccionario.Diccionario
 @ line 1, column 1.
   import audiodiccionario.Diccionario
   ^

1 error

	at grails.util.CacheEntry.getValue(CacheEntry.java:144)
	at grails.util.CacheEntry.getValue(CacheEntry.java:84)
	at grails.plugin.cache.web.filter.PageFragmentCachingFilter.doFilter(PageFragmentCachingFilter.java:198)
	at grails.plugin.cache.web.filter.AbstractFilter.doFilter(AbstractFilter.java:63)
	at java.util.concurrent.ThreadPoolExecutor.runWorker(ThreadPoolExecutor.java:1142)
	at java.util.concurrent.ThreadPoolExecutor$Worker.run(ThreadPoolExecutor.java:617)
	at java.lang.Thread.run(Thread.java:745)
Caused by: org.codehaus.groovy.control.MultipleCompilationErrorsException: startup failed:
C__Users_SisAdmin1_Documents_GitHub_RAIM_AudioText_grails_app_views_texto_show_gsp: 1: unable to resolve class audiodiccionario.Diccionario
 @ line 1, column 1.
   import audiodiccionario.Diccionario
   ^

1 error

	at org.codehaus.groovy.control.ErrorCollector.failIfErrors(ErrorCollector.java:309)
	at org.codehaus.groovy.control.CompilationUnit.applyToSourceUnits(CompilationUnit.java:938)
	at org.codehaus.groovy.control.CompilationUnit.doPhaseOperation(CompilationUnit.java:585)
	at org.codehaus.groovy.control.CompilationUnit.compile(CompilationUnit.java:534)
	... 7 more
2014-12-17 15:12:11,733 [http-bio-18080-exec-2] ERROR StackTrace  - Full Stack Trace:
org.codehaus.groovy.control.MultipleCompilationErrorsException: startup failed:
C__Users_SisAdmin1_Documents_GitHub_RAIM_AudioText_grails_app_views_texto_show_gsp: 1: unable to resolve class audiodiccionario.Diccionario
 @ line 1, column 1.
   import audiodiccionario.Diccionario
   ^

1 error

	at org.codehaus.groovy.control.ErrorCollector.failIfErrors(ErrorCollector.java:309)
	at org.codehaus.groovy.control.CompilationUnit.applyToSourceUnits(CompilationUnit.java:938)
	at org.codehaus.groovy.control.CompilationUnit.doPhaseOperation(CompilationUnit.java:585)
	at org.codehaus.groovy.control.CompilationUnit.compile(CompilationUnit.java:534)
	at grails.util.CacheEntry.getValue(CacheEntry.java:144)
	at grails.util.CacheEntry.getValue(CacheEntry.java:84)
	at grails.plugin.cache.web.filter.PageFragmentCachingFilter.doFilter(PageFragmentCachingFilter.java:198)
	at grails.plugin.cache.web.filter.AbstractFilter.doFilter(AbstractFilter.java:63)
	at java.util.concurrent.ThreadPoolExecutor.runWorker(ThreadPoolExecutor.java:1142)
	at java.util.concurrent.ThreadPoolExecutor$Worker.run(ThreadPoolExecutor.java:617)
	at java.lang.Thread.run(Thread.java:745)
2014-12-17 15:12:11,733 [http-bio-18080-exec-2] ERROR StackTrace  - Full Stack Trace:
org.codehaus.groovy.grails.web.pages.exceptions.GroovyPagesException: Could not parse script [C:\Users\SisAdmin1\Documents\GitHub\RAIM\AudioText\grails-app\views\texto\show.gsp]: startup failed:
C__Users_SisAdmin1_Documents_GitHub_RAIM_AudioText_grails_app_views_texto_show_gsp: 1: unable to resolve class audiodiccionario.Diccionario
 @ line 1, column 1.
   import audiodiccionario.Diccionario
   ^

1 error

	at grails.util.CacheEntry.getValue(CacheEntry.java:144)
	at grails.util.CacheEntry.getValue(CacheEntry.java:84)
	at grails.plugin.cache.web.filter.PageFragmentCachingFilter.doFilter(PageFragmentCachingFilter.java:198)
	at grails.plugin.cache.web.filter.AbstractFilter.doFilter(AbstractFilter.java:63)
	at java.util.concurrent.ThreadPoolExecutor.runWorker(ThreadPoolExecutor.java:1142)
	at java.util.concurrent.ThreadPoolExecutor$Worker.run(ThreadPoolExecutor.java:617)
	at java.lang.Thread.run(Thread.java:745)
Caused by: org.codehaus.groovy.control.MultipleCompilationErrorsException: startup failed:
C__Users_SisAdmin1_Documents_GitHub_RAIM_AudioText_grails_app_views_texto_show_gsp: 1: unable to resolve class audiodiccionario.Diccionario
 @ line 1, column 1.
   import audiodiccionario.Diccionario
   ^

1 error

	at org.codehaus.groovy.control.ErrorCollector.failIfErrors(ErrorCollector.java:309)
	at org.codehaus.groovy.control.CompilationUnit.applyToSourceUnits(CompilationUnit.java:938)
	at org.codehaus.groovy.control.CompilationUnit.doPhaseOperation(CompilationUnit.java:585)
	at org.codehaus.groovy.control.CompilationUnit.compile(CompilationUnit.java:534)
	... 7 more
